[debug] [2018-03-28T09:54:00.862Z] ----------------------------------------------------------------------
[debug] [2018-03-28T09:54:00.867Z] Command:       /usr/local/bin/node /usr/local/bin/firebase deploy
[debug] [2018-03-28T09:54:00.868Z] CLI Version:   3.17.7
[debug] [2018-03-28T09:54:00.869Z] Platform:      darwin
[debug] [2018-03-28T09:54:00.869Z] Node Version:  v9.9.0
[debug] [2018-03-28T09:54:00.869Z] Time:          Wed Mar 28 2018 05:54:00 GMT-0400 (-04)
[debug] [2018-03-28T09:54:00.870Z] ----------------------------------------------------------------------
[debug] 
[debug] [2018-03-28T09:54:00.894Z] > command requires scopes: ["email","openid","https://www.googleapis.com/auth/cloudplatformprojects.readonly","https://www.googleapis.com/auth/firebase","https://www.googleapis.com/auth/cloud-platform"]
[debug] [2018-03-28T09:54:00.895Z] > authorizing via signed-in user
[debug] [2018-03-28T09:54:00.898Z] > refreshing access token with scopes: ["email","https://www.googleapis.com/auth/cloud-platform","https://www.googleapis.com/auth/cloudplatformprojects.readonly","https://www.googleapis.com/auth/firebase","openid"]
[debug] [2018-03-28T09:54:00.899Z] >>> HTTP REQUEST POST https://www.googleapis.com/oauth2/v3/token  
 { refresh_token: '1/dA8jjFIPxul_jfj8PKjsGz4IniuCBxBQSMnodvRdVU4',
  client_id: '563584335869-fgrhgmd47bqnekij5i8b5pr03ho849e6.apps.googleusercontent.com',
  client_secret: 'j9iVZfS8kkCEFUPaAeJV0sAi',
  grant_type: 'refresh_token',
  scope: 'email https://www.googleapis.com/auth/cloud-platform https://www.googleapis.com/auth/cloudplatformprojects.readonly https://www.googleapis.com/auth/firebase openid' } 
 Wed Mar 28 2018 05:54:00 GMT-0400 (-04)
[debug] [2018-03-28T09:54:01.260Z] <<< HTTP RESPONSE 200
[debug] [2018-03-28T09:54:01.276Z] >>> HTTP REQUEST GET https://admin.firebase.com/v1/projects/continentalbase  
  
 Wed Mar 28 2018 05:54:01 GMT-0400 (-04)
[debug] [2018-03-28T09:54:01.819Z] <<< HTTP RESPONSE 200
[debug] [2018-03-28T09:54:01.820Z] >>> HTTP REQUEST GET https://admin.firebase.com/v1/database/continentalbase/tokens  
  
 Wed Mar 28 2018 05:54:01 GMT-0400 (-04)
[debug] [2018-03-28T09:54:02.543Z] <<< HTTP RESPONSE 200
[info] 
[info] === Deploying to 'continentalbase'...
[info] 
[info] i  deploying database, storage, firestore, hosting
[info] i  database: checking rules syntax...
[debug] [2018-03-28T09:54:03.158Z] >>> HTTP REQUEST PUT https://continentalbase.firebaseio.com/.settings/rules.json?dryRun=true  
 {
  "rules": {
    ".read": "auth != null",
    ".write": "auth != null"
  }
}
 
 Wed Mar 28 2018 05:54:03 GMT-0400 (-04)
[debug] [2018-03-28T09:54:04.041Z] <<< HTTP RESPONSE 200
[info] ✔  database: rules syntax for database continentalbase is valid
[debug] [2018-03-28T09:54:04.044Z] >>> HTTP REQUEST GET https://appengine.googleapis.com/v1/apps/continentalbase  
  
 Wed Mar 28 2018 05:54:04 GMT-0400 (-04)
[debug] [2018-03-28T09:54:04.738Z] <<< HTTP RESPONSE 200
[info] i  storage: checking storage.rules for compilation errors...
[debug] [2018-03-28T09:54:04.744Z] >>> HTTP REQUEST POST https://firebaserules.googleapis.com/v1/projects/continentalbase:test  
 { source: { files: [ [Object] ] } } 
 Wed Mar 28 2018 05:54:04 GMT-0400 (-04)
[debug] [2018-03-28T09:54:05.038Z] <<< HTTP RESPONSE 200
[info] ✔  storage: rules file storage.rules compiled successfully
[info] i  firestore: checking firestore.rules for compilation errors...
[debug] [2018-03-28T09:54:05.044Z] >>> HTTP REQUEST POST https://firebaserules.googleapis.com/v1/projects/continentalbase:test  
 { source: { files: [ [Object] ] } } 
 Wed Mar 28 2018 05:54:05 GMT-0400 (-04)
[debug] [2018-03-28T09:54:05.280Z] <<< HTTP RESPONSE 200
[info] ✔  firestore: rules file firestore.rules compiled successfully
[info] i  storage: uploading rules storage.rules...
[debug] [2018-03-28T09:54:05.286Z] >>> HTTP REQUEST POST https://firebaserules.googleapis.com/v1/projects/continentalbase/rulesets  
 { source: { files: [ [Object] ] } } 
 Wed Mar 28 2018 05:54:05 GMT-0400 (-04)
[debug] [2018-03-28T09:54:05.650Z] <<< HTTP RESPONSE 200
[debug] [2018-03-28T09:54:05.651Z] [rules] created ruleset projects/continentalbase/rulesets/d48dade6-aec8-4a02-9ccf-68ec405ea247
[info] i  firestore: uploading rules firestore.rules...
[debug] [2018-03-28T09:54:05.653Z] >>> HTTP REQUEST POST https://firebaserules.googleapis.com/v1/projects/continentalbase/rulesets  
 { source: { files: [ [Object] ] } } 
 Wed Mar 28 2018 05:54:05 GMT-0400 (-04)
[debug] [2018-03-28T09:54:05.654Z] >>> HTTP REQUEST GET https://firestore.googleapis.com/v1beta1/projects/continentalbase/databases/(default)/indexes  
  
 Wed Mar 28 2018 05:54:05 GMT-0400 (-04)
[debug] [2018-03-28T09:54:06.005Z] <<< HTTP RESPONSE 200
[debug] [2018-03-28T09:54:06.006Z] [rules] created ruleset projects/continentalbase/rulesets/7df26600-b178-4d40-b895-d31f49106204
[debug] [2018-03-28T09:54:06.433Z] <<< HTTP RESPONSE 200
[info] i  hosting: preparing /Users/raquelcoriat/Desktop/Continental/src/app/components/juegos directory for upload...
[debug] [2018-03-28T09:54:06.448Z] TypeError: no files or directories specified
    at Object.module.exports (/usr/local/lib/node_modules/firebase-tools/node_modules/tar/lib/create.js:20:11)
    at module.exports (/usr/local/lib/node_modules/firebase-tools/lib/prepareUpload.js:21:14)
    at module.exports (/usr/local/lib/node_modules/firebase-tools/lib/deploy/hosting/deploy.js:23:10)
    at _chain (/usr/local/lib/node_modules/firebase-tools/lib/deploy/index.js:23:45)
    at /usr/local/lib/node_modules/firebase-tools/lib/deploy/index.js:26:14
    at tryCatch (/usr/local/lib/node_modules/firebase-tools/node_modules/rsvp/dist/rsvp.js:525:12)
    at invokeCallback (/usr/local/lib/node_modules/firebase-tools/node_modules/rsvp/dist/rsvp.js:538:13)
    at publish (/usr/local/lib/node_modules/firebase-tools/node_modules/rsvp/dist/rsvp.js:508:7)
    at flush (/usr/local/lib/node_modules/firebase-tools/node_modules/rsvp/dist/rsvp.js:2415:5)
    at process._tickCallback (internal/process/next_tick.js:112:11)
[error] 
[error] Error: An unexpected error has occurred.
